app/build/outputs/logs/manifest-merger-debug-report.txt
-- Merging decision tree log ---
manifest
ADDED from src\main\AndroidManifest.xml:2:1-98:12
	package
		ADDED from src\main\AndroidManifest.xml:3:5-29
		INJECTED from src\main\AndroidManifest.xml
		INJECTED from src\main\AndroidManifest.xml
	android:versionName
		ADDED from src\main\AndroidManifest.xml:5:5-30
		INJECTED from src\main\AndroidManifest.xml
		INJECTED from src\main\AndroidManifest.xml
	android:versionCode
		ADDED from src\main\AndroidManifest.xml:4:5-28
		INJECTED from src\main\AndroidManifest.xml
		INJECTED from src\main\AndroidManifest.xml
	xmlns:android
		ADDED from src\main\AndroidManifest.xml:2:11-69
uses-sdk
ADDED from src\main\AndroidManifest.xml:7:5-9:41
MERGED from [com.zzhoujay.markdown:markdown:1.0.4] AndroidManifest.xml:8:5-10:41
MERGED from [com.android.support:design:23.4.0] AndroidManifest.xml:20:5-43
MERGED from [com.android.support:recyclerview-v7:23.4.0] AndroidManifest.xml:20:5-43
MERGED from [com.android.support:appcompat-v7:23.4.0] AndroidManifest.xml:21:5-23:78
MERGED from [com.android.support:animated-vector-drawable:23.4.0] AndroidManifest.xml:5:5-44
MERGED from [com.android.support:support-vector-drawable:23.4.0] AndroidManifest.xml:5:5-43
MERGED from [com.android.support:support-v4:23.4.0] AndroidManifest.xml:20:5-43
	tools:overrideLibrary
		ADDED from [com.android.support:appcompat-v7:23.4.0] AndroidManifest.xml:23:9-75
	android:targetSdkVersion
		ADDED from src\main\AndroidManifest.xml:9:9-38
		INJECTED from src\main\AndroidManifest.xml
		INJECTED from src\main\AndroidManifest.xml
	android:minSdkVersion
		ADDED from src\main\AndroidManifest.xml:8:9-35
		INJECTED from src\main\AndroidManifest.xml
		INJECTED from src\main\AndroidManifest.xml
uses-permission#android.permission.CHANGE_WIFI_MULTICAST_STATE
ADDED from src\main\AndroidManifest.xml:11:5-86
	android:name
		ADDED from src\main\AndroidManifest.xml:11:22-83
uses-permission#android.permission.READ_EXTERNAL_STORAGE
ADDED from src\main\AndroidManifest.xml:12:5-80
	android:name
		ADDED from src\main\AndroidManifest.xml:12:22-77
uses-permission#android.permission.CAMERA
ADDED from src\main\AndroidManifest.xml:13:5-65
	android:name
		ADDED from src\main\AndroidManifest.xml:13:22-62
uses-permission#android.permission.WRITE_SETTINGS
ADDED from src\main\AndroidManifest.xml:14:5-73
	android:name
		ADDED from src\main\AndroidManifest.xml:14:22-70
uses-permission#android.permission.MOUNT_UNMOUNT_FILESYSTEMS
ADDED from src\main\AndroidManifest.xml:16:5-84
	android:name
		ADDED from src\main\AndroidManifest.xml:16:22-81
uses-permission#android.permission.WRITE_EXTERNAL_STORAGE
ADDED from src\main\AndroidManifest.xml:19:5-81
	android:name
		ADDED from src\main\AndroidManifest.xml:19:22-78
uses-permission#android.permission.INTERNET
ADDED from src\main\AndroidManifest.xml:22:5-67
	android:name
		ADDED from src\main\AndroidManifest.xml:22:22-64
uses-permission#android.permission.READ_PHONE_STATE
ADDED from src\main\AndroidManifest.xml:24:5-75
	android:name
		ADDED from src\main\AndroidManifest.xml:24:22-72
uses-permission#android.permission.ACCESS_COARSE_LOCATION
ADDED from src\main\AndroidManifest.xml:26:5-81
	android:name
		ADDED from src\main\AndroidManifest.xml:26:22-78
uses-permission#android.permission.VIBRATE
ADDED from src\main\AndroidManifest.xml:29:5-66
	android:name
		ADDED from src\main\AndroidManifest.xml:29:22-63
uses-permission#android.permission.ACCESS_NETWORK_STATE
ADDED from src\main\AndroidManifest.xml:31:5-79
	android:name
		ADDED from src\main\AndroidManifest.xml:31:22-76
uses-permission#android.permission.RECORD_AUDIO
ADDED from src\main\AndroidManifest.xml:35:5-71
	android:name
		ADDED from src\main\AndroidManifest.xml:35:22-68
uses-permission#android.permission.ACCESS_WIFI_STATE
ADDED from src\main\AndroidManifest.xml:37:5-76
	android:name
		ADDED from src\main\AndroidManifest.xml:37:22-73
application
ADDED from src\main\AndroidManifest.xml:46:5-96:19
MERGED from [com.zzhoujay.markdown:markdown:1.0.4] AndroidManifest.xml:12:5-20
MERGED from [com.android.support:design:23.4.0] AndroidManifest.xml:22:5-20
MERGED from [com.android.support:appcompat-v7:23.4.0] AndroidManifest.xml:25:5-20
MERGED from [com.android.support:animated-vector-drawable:23.4.0] AndroidManifest.xml:7:5-20
MERGED from [com.android.support:support-vector-drawable:23.4.0] AndroidManifest.xml:7:5-20
MERGED from [com.android.support:support-v4:23.4.0] AndroidManifest.xml:22:5-20
	android:label
		ADDED from src\main\AndroidManifest.xml:50:9-41
	android:launchMode
		ADDED from src\main\AndroidManifest.xml:51:9-40
	android:allowBackup
		ADDED from src\main\AndroidManifest.xml:48:9-35
	android:icon
		ADDED from src\main\AndroidManifest.xml:49:9-45
	android:theme
		ADDED from src\main\AndroidManifest.xml:52:9-40
	android:name
		ADDED from src\main\AndroidManifest.xml:47:9-30
uses-library#android.test.runner
ADDED from src\main\AndroidManifest.xml:53:9-60
	android:name
		ADDED from src\main\AndroidManifest.xml:53:23-57
activity#com.huan.myadt.activity.MainActivity
ADDED from src\main\AndroidManifest.xml:55:9-65:20
	android:label
		ADDED from src\main\AndroidManifest.xml:57:13-45
	android:launchMode
		ADDED from src\main\AndroidManifest.xml:58:13-44
	android:theme
		ADDED from src\main\AndroidManifest.xml:59:13-49
	android:name
		ADDED from src\main\AndroidManifest.xml:56:13-50
intent-filter#android.intent.action.MAIN+android.intent.category.LAUNCHER
ADDED from src\main\AndroidManifest.xml:60:13-64:29
action#android.intent.action.MAIN
ADDED from src\main\AndroidManifest.xml:61:17-69
	android:name
		ADDED from src\main\AndroidManifest.xml:61:25-66
category#android.intent.category.LAUNCHER
ADDED from src\main\AndroidManifest.xml:63:17-77
	android:name
		ADDED from src\main\AndroidManifest.xml:63:27-74
activity#com.huan.myadt.activity.ErrorAnalysisActivity
ADDED from src\main\AndroidManifest.xml:66:9-68:50
	android:hardwareAccelerated
		ADDED from src\main\AndroidManifest.xml:68:13-47
	android:name
		ADDED from src\main\AndroidManifest.xml:67:13-59
activity#com.huan.myadt.activity.LearnWebActivity
ADDED from src\main\AndroidManifest.xml:69:9-71:50
	android:hardwareAccelerated
		ADDED from src\main\AndroidManifest.xml:71:13-47
	android:name
		ADDED from src\main\AndroidManifest.xml:70:13-54
activity#com.huan.myadt.activity.RefrenceWebActivity
ADDED from src\main\AndroidManifest.xml:72:9-74:50
	android:hardwareAccelerated
		ADDED from src\main\AndroidManifest.xml:74:13-47
	android:name
		ADDED from src\main\AndroidManifest.xml:73:13-57
service#com.huan.myadt.service.MyADTService
ADDED from src\main\AndroidManifest.xml:76:9-80:19
	android:name
		ADDED from src\main\AndroidManifest.xml:76:18-54
intent-filter#com.huan.myadt.log.deal
ADDED from src\main\AndroidManifest.xml:77:13-79:29
action#com.huan.myadt.log.deal
ADDED from src\main\AndroidManifest.xml:78:17-66
	android:name
		ADDED from src\main\AndroidManifest.xml:78:25-63
activity#com.huan.myadt.activity.MarkdownActivity
ADDED from src\main\AndroidManifest.xml:82:9-85:59
	android:label
		ADDED from src\main\AndroidManifest.xml:84:13-57
	android:theme
		ADDED from src\main\AndroidManifest.xml:85:13-56
	android:name
		ADDED from src\main\AndroidManifest.xml:83:13-54
activity#com.huan.myadt.activity.TestActivity
ADDED from src\main\AndroidManifest.xml:86:9-89:68
	android:label
		ADDED from src\main\AndroidManifest.xml:88:13-56
	android:theme
		ADDED from src\main\AndroidManifest.xml:89:13-56
	android:name
		ADDED from src\main\AndroidManifest.xml:87:13-50
activity#com.huan.myadt.activity.DesignActivity
ADDED from src\main\AndroidManifest.xml:91:9-93:70
	android:label
		ADDED from src\main\AndroidManifest.xml:93:13-58
	android:name
		ADDED from src\main\AndroidManifest.xml:92:13-52